Added Component: Designator=C1(C0805)
Added Component: Designator=C2(C0805)
Added Component: Designator=C3(0805)
Added Component: Designator=C4(C0805)
Added Component: Designator=C5(0805)
Added Component: Designator=D1(C0805)
Added Component: Designator=J1(MOLEX_AX12_3)
Added Component: Designator=J2(MOLEX_AX12_3)
Added Component: Designator=J3(MOLEX_AX12_3)
Added Component: Designator=J4(74AHC1G126DVBR)
Added Component: Designator=J5(74AHC1G126DVBR)
Added Component: Designator=K1(IQXO-70)
Added Component: Designator=P1(690367280676)
Added Component: Designator=P2(HDR1X2)
Added Component: Designator=P3(HDR1X2)
Added Component: Designator=P4(HDR1X3H)
Added Component: Designator=R1(0805)
Added Component: Designator=R2(0805)
Added Component: Designator=R4(0805)
Added Component: Designator=R5(0805)
Added Component: Designator=R6(0805)
Added Component: Designator=U1(SOIC-SO28_M)
Added Component: Designator=U2(MP04A_N)
Added Pin To Net: NetName=NetC1_1 Pin=C1-1
Added Pin To Net: NetName=GND Pin=C1-2
Added Pin To Net: NetName=NetC2_1 Pin=C2-1
Added Pin To Net: NetName=GND Pin=C2-2
Added Pin To Net: NetName=GND Pin=C3-1
Added Pin To Net: NetName=NetC2_1 Pin=C3-2
Added Pin To Net: NetName=NetC4_1 Pin=C4-1
Added Pin To Net: NetName=GND Pin=C4-2
Added Pin To Net: NetName=GND Pin=C5-1
Added Pin To Net: NetName=NetC5_2 Pin=C5-2
Added Pin To Net: NetName=NetD1_1 Pin=D1-1
Added Pin To Net: NetName=NetD1_2 Pin=D1-2
Added Pin To Net: NetName=GND Pin=J1-1
Added Pin To Net: NetName=NetC1_1 Pin=J1-2
Added Pin To Net: NetName=NetJ1_3 Pin=J1-3
Added Pin To Net: NetName=GND Pin=J2-1
Added Pin To Net: NetName=NetC1_1 Pin=J2-2
Added Pin To Net: NetName=NetJ1_3 Pin=J2-3
Added Pin To Net: NetName=GND Pin=J3-1
Added Pin To Net: NetName=NetC1_1 Pin=J3-2
Added Pin To Net: NetName=NetJ1_3 Pin=J3-3
Added Pin To Net: NetName=NetJ4_1 Pin=J4-1
Added Pin To Net: NetName=NetJ4_2 Pin=J4-2
Added Pin To Net: NetName=GND Pin=J4-3
Added Pin To Net: NetName=NetJ1_3 Pin=J4-4
Added Pin To Net: NetName=NetC2_1 Pin=J4-5
Added Pin To Net: NetName=NetJ5_1 Pin=J5-1
Added Pin To Net: NetName=NetJ1_3 Pin=J5-2
Added Pin To Net: NetName=GND Pin=J5-3
Added Pin To Net: NetName=NetJ5_4 Pin=J5-4
Added Pin To Net: NetName=NetC2_1 Pin=J5-5
Added Pin To Net: NetName=GND Pin=K1-2
Added Pin To Net: NetName=NetK1_3 Pin=K1-3
Added Pin To Net: NetName=NetC2_1 Pin=K1-4
Added Pin To Net: NetName=NetP1_2 Pin=P1-2
Added Pin To Net: NetName=NetP1_3 Pin=P1-3
Added Pin To Net: NetName=GND Pin=P1-4
Added Pin To Net: NetName=NetC2_1 Pin=P1-5
Added Pin To Net: NetName=NetP1_6 Pin=P1-6
Added Pin To Net: NetName=NetC1_1 Pin=P2-1
Added Pin To Net: NetName=GND Pin=P2-2
Added Pin To Net: NetName=NetC4_1 Pin=P3-1
Added Pin To Net: NetName=GND Pin=P3-2
Added Pin To Net: NetName=NetC4_1 Pin=P4-1
Added Pin To Net: NetName=NetP4_2 Pin=P4-2
Added Pin To Net: NetName=NetP4_3 Pin=P4-3
Added Pin To Net: NetName=NetD1_2 Pin=R1-1
Added Pin To Net: NetName=GND Pin=R1-2
Added Pin To Net: NetName=NetJ5_4 Pin=R2-1
Added Pin To Net: NetName=GND Pin=R2-2
Added Pin To Net: NetName=NetC5_2 Pin=R4-1
Added Pin To Net: NetName=NetP4_2 Pin=R4-2
Added Pin To Net: NetName=GND Pin=R5-1
Added Pin To Net: NetName=NetC5_2 Pin=R5-2
Added Pin To Net: NetName=NetJ1_3 Pin=R6-1
Added Pin To Net: NetName=NetC2_1 Pin=R6-2
Added Member To Class: ClassName=Carte Emulateur AX12 Member=Component C1 Cap Pol1
Added Member To Class: ClassName=Carte Emulateur AX12 Member=Component C2 Cap Pol1
Added Member To Class: ClassName=Carte Emulateur AX12 Member=Component C3 Cap
Added Member To Class: ClassName=Carte Emulateur AX12 Member=Component C4 Cap Pol1
Added Member To Class: ClassName=Carte Emulateur AX12 Member=Component C5 Cap
Added Member To Class: ClassName=Carte Emulateur AX12 Member=Component D1 LED1
Added Member To Class: ClassName=Carte Emulateur AX12 Member=Component J1 Alim AX12
Added Member To Class: ClassName=Carte Emulateur AX12 Member=Component J2 Alim AX12
Added Member To Class: ClassName=Carte Emulateur AX12 Member=Component J3 Alim AX12
Added Member To Class: ClassName=Carte Emulateur AX12 Member=Component J4 74AHC1G126D
Added Member To Class: ClassName=Carte Emulateur AX12 Member=Component J5 74AHC1G126D
Added Member To Class: ClassName=Carte Emulateur AX12 Member=Component K1 CLOCK
Added Member To Class: ClassName=Carte Emulateur AX12 Member=Component P1 Programmation
Added Member To Class: ClassName=Carte Emulateur AX12 Member=Component P2 IN Regulateur
Added Member To Class: ClassName=Carte Emulateur AX12 Member=Component P3 OUT Regulateur
Added Member To Class: ClassName=Carte Emulateur AX12 Member=Component P4 PWM 1
Added Member To Class: ClassName=Carte Emulateur AX12 Member=Component R1 Res1
Added Member To Class: ClassName=Carte Emulateur AX12 Member=Component R2 Res1
Added Member To Class: ClassName=Carte Emulateur AX12 Member=Component R4 Res1
Added Member To Class: ClassName=Carte Emulateur AX12 Member=Component R5 Res1
Added Member To Class: ClassName=Carte Emulateur AX12 Member=Component R6 Res1
Added Room: Name=Carte Emulateur AX12
