Removed Pin From Net: NetName=NetC5_1 Pin=R2-1
Removed Pin From Net: NetName=NetC5_1 Pin=R6-1
Removed Pin From Net: NetName=NetP4_1 Pin=R6-2
Removed Pin From Net: NetName=NetJ1_3 Pin=R7-1
Removed Pin From Net: NetName=NetC2_1 Pin=R7-2
Change Component Designator: OldDesignator=R3 NewDesignator=R2
Change Component Designator: OldDesignator=R4 NewDesignator=R3
Change Component Designator: OldDesignator=R5 NewDesignator=R4
Added Component: Designator=C6(0805)
Added Component: Designator=R5(C2512)
Added Component: Designator=R8(0805)
Added Pin To Net: NetName=GND Pin=C6-1
Added Pin To Net: NetName=NetC5_1 Pin=R5-1
Added Pin To Net: NetName=NetP4_1 Pin=R5-2
Added Pin To Net: NetName=NetC5_1 Pin=R6-2
Added Pin To Net: NetName=GND Pin=R7-1
Added Pin To Net: NetName=NetJ1_3 Pin=R7-1
Added Pin To Net: NetName=NetC2_1 Pin=R7-2
Added Pin To Net: NetName=NetC6_2 Pin=C6-2
Added Pin To Net: NetName=NetC6_2 Pin=R6-1
Added Pin To Net: NetName=NetC6_2 Pin=R7-2
Added Pin To Net: NetName=NetC6_2 Pin=U1-4
Added Net: Name=NetC6_2
Added Member To Class: ClassName=Carte Emulateur AX12 Member=Component C6 Cap
Added Member To Class: ClassName=Carte Emulateur AX12 Member=Component R5 Res1
Added Member To Class: ClassName=Carte Emulateur AX12 Member=Component R8 Res1
Added Room: Name=Carte Emulateur AX12
