Removed Pin From Net: NetName=GND Pin=C4-1
Removed Pin From Net: NetName=GND Pin=C6-1
Removed Pin From Net: NetName=GND Pin=P4-2
Removed Pin From Net: NetName=GND Pin=R2-1
Removed Member From Class: ClassName=Carte Emulateur AX12 Member=C6
Removed Member From Class: ClassName=Carte Emulateur AX12 Member=R7
Change Component Footprint: Designator=R5 Old Footprint=L1W-2512 New Footprint=0805
Change Component Designator: OldDesignator=C5 NewDesignator=C4
Change Component Designator: OldDesignator=R3 NewDesignator=R2
Change Component Designator: OldDesignator=R7 NewDesignator=R6
Added Component: Designator=C5(0805)
Added Component: Designator=R3(L1W-2512)
Added Pin To Net: NetName=GND Pin=C5-1
Added Pin To Net: NetName=GND Pin=R3-2
Added Pin To Net: NetName=GND Pin=R5-1
Added Pin To Net: NetName=NetC4_1 Pin=C4-1
Added Pin To Net: NetName=NetC4_1 Pin=P3-1
Added Pin To Net: NetName=NetC4_1 Pin=P4-1
Added Net: Name=NetC4_1
Added Pin To Net: NetName=NetC5_2 Pin=C5-2
Added Pin To Net: NetName=NetC5_2 Pin=R4-1
Added Pin To Net: NetName=NetC5_2 Pin=R5-2
Added Pin To Net: NetName=NetC5_2 Pin=U1-3
Added Net: Name=NetC5_2
Added Pin To Net: NetName=NetP4_2 Pin=P4-2
Added Pin To Net: NetName=NetP4_2 Pin=R3-1
Added Pin To Net: NetName=NetP4_2 Pin=R4-2
Added Net: Name=NetP4_2
Added Room: Name=Carte Emulateur AX12
