Removed Pin From Net: NetName=NetC4_1 Pin=PWM-1
Change Component Designator: OldDesignator=CLK NewDesignator=K1
Change Component Designator: OldDesignator=IN NewDesignator=P2
Change Component Designator: OldDesignator=J4 NewDesignator=J5
Change Component Designator: OldDesignator=J5 NewDesignator=J4
Change Component Designator: OldDesignator=OUT NewDesignator=P3
Change Component Designator: OldDesignator=PROG NewDesignator=P1
Change Component Designator: OldDesignator=PWM NewDesignator=P4
Added Component: Designator=R2(0805)
Added Component: Designator=R3(0805)
Added Component: Designator=R4(0805)
Added Pin To Net: NetName=NetC4_1 Pin=R2-2
Added Pin To Net: NetName=NetC4_1 Pin=R4-2
Change Net Name : Old Net Name=NetJ4_1 New Net Name=NetJ5_1
Change Net Name : Old Net Name=NetJ4_4 New Net Name=NetJ5_4
Change Net Name : Old Net Name=NetJ5_1 New Net Name=NetJ4_1
Change Net Name : Old Net Name=NetJ5_2 New Net Name=NetJ4_2
Added Pin To Net: NetName=NetP4_1 Pin=P4-1
Added Pin To Net: NetName=NetP4_1 Pin=R3-1
Added Pin To Net: NetName=NetP4_1 Pin=R4-1
Added Net: Name=NetP4_1
Added Pin To Net: NetName=NetR2_1 Pin=R2-1
Added Pin To Net: NetName=NetR2_1 Pin=R3-2
Added Pin To Net: NetName=NetR2_1 Pin=U1-3
Added Net: Name=NetR2_1
Added Member To Class: ClassName=Carte Emulateur AX12 Member=Component R2 Res1
Added Member To Class: ClassName=Carte Emulateur AX12 Member=Component R3 Res1
Added Member To Class: ClassName=Carte Emulateur AX12 Member=Component R4 Res1
Added Room: Name=Carte Emulateur AX12
