Change Component Designator: OldDesignator=C4 NewDesignator=C5
Change Component Designator: OldDesignator=R2 NewDesignator=R4
Change Component Designator: OldDesignator=R3 NewDesignator=R2
Change Component Designator: OldDesignator=R4 NewDesignator=R5
Added Component: Designator=C4(0805)
Added Component: Designator=R3(0805)
Added Component: Designator=R6(0805)
Added Pin To Net: NetName=GND Pin=C4-1
Added Pin To Net: NetName=NetR2_1 Pin=C4-2
Added Pin To Net: NetName=NetC4_1 Pin=P4-1
Added Pin To Net: NetName=GND Pin=R2-1
Added Pin To Net: NetName=NetJ5_4 Pin=R3-1
Added Pin To Net: NetName=GND Pin=R3-2
Added Pin To Net: NetName=GND Pin=R5-1
Added Pin To Net: NetName=NetJ1_3 Pin=R6-1
Added Pin To Net: NetName=NetC2_1 Pin=R6-2
Change Net Name : Old Net Name=NetC4_1 New Net Name=NetC5_1
Change Net Name : Old Net Name=NetR2_1 New Net Name=NetC4_2
Added Member To Class: ClassName=Carte Emulateur AX12 Member=Component C5 Cap Pol1
Added Member To Class: ClassName=Carte Emulateur AX12 Member=Component R5 Res1
Added Member To Class: ClassName=Carte Emulateur AX12 Member=Component R6 Res1
Added Room: Name=Carte Emulateur AX12
