Added Component: Designator=C1(RB7.6-15)
Added Component: Designator=C2(RB7.6-15)
Added Component: Designator=C3(C0805)
Added Component: Designator=C4(RB7.6-15)
Added Component: Designator=D1(C0805)
Added Component: Designator=J1(MOLEX_AX12)
Added Component: Designator=J2(MOLEX_AX12)
Added Component: Designator=J3(MOLEX_AX12)
Added Component: Designator=K1(IQXO-70)
Added Component: Designator=P1(HDR1X6)
Added Component: Designator=P2(HDR1X2)
Added Component: Designator=P3(HDR1X2)
Added Component: Designator=P4(HDR1X3)
Added Component: Designator=R1(0805)
Added Component: Designator=U1(QFNS-MM28_N)
Added Component: Designator=U2(MP04A_N)
Added Pin To Net: NetName=NetC1_1 Pin=C1-1
Added Pin To Net: NetName=GND Pin=C1-2
Added Pin To Net: NetName=NetC2_1 Pin=C2-1
Added Pin To Net: NetName=GND Pin=C2-2
Added Pin To Net: NetName=GND Pin=C3-1
Added Pin To Net: NetName=NetC2_1 Pin=C3-2
Added Pin To Net: NetName=NetC4_1 Pin=C4-1
Added Pin To Net: NetName=GND Pin=C4-2
Added Pin To Net: NetName=NetD1_1 Pin=D1-1
Added Pin To Net: NetName=NetD1_2 Pin=D1-2
Added Pin To Net: NetName=GND Pin=J1-1
Added Pin To Net: NetName=NetJ1_2 Pin=J1-2
Added Pin To Net: NetName=NetC1_1 Pin=J1-3
Added Pin To Net: NetName=GND Pin=J2-1
Added Pin To Net: NetName=NetJ1_2 Pin=J2-2
Added Pin To Net: NetName=NetC1_1 Pin=J2-3
Added Pin To Net: NetName=GND Pin=J3-1
Added Pin To Net: NetName=NetJ1_2 Pin=J3-2
Added Pin To Net: NetName=NetC1_1 Pin=J3-3
Added Pin To Net: NetName=GND Pin=K1-2
Added Pin To Net: NetName=NetK1_3 Pin=K1-3
Added Pin To Net: NetName=NetC2_1 Pin=K1-4
Added Pin To Net: NetName=NetP1_1 Pin=P1-1
Added Pin To Net: NetName=NetC2_1 Pin=P1-2
Added Pin To Net: NetName=GND Pin=P1-3
Added Pin To Net: NetName=NetP1_4 Pin=P1-4
Added Pin To Net: NetName=NetP1_5 Pin=P1-5
Added Pin To Net: NetName=NetC1_1 Pin=P2-1
Added Pin To Net: NetName=GND Pin=P2-2
Added Pin To Net: NetName=NetC4_1 Pin=P3-1
Added Pin To Net: NetName=GND Pin=P3-2
Added Pin To Net: NetName=NetC4_1 Pin=P4-1
Added Pin To Net: NetName=NetP4_2 Pin=P4-2
Added Pin To Net: NetName=GND Pin=P4-3
Added Pin To Net: NetName=NetD1_2 Pin=R1-1
Added Pin To Net: NetName=GND Pin=R1-2
Added Pin To Net: NetName=GND Pin=U1-5
Added Pin To Net: NetName=NetK1_3 Pin=U1-6
Added Pin To Net: NetName=NetJ1_2 Pin=U1-8
Added Pin To Net: NetName=NetC2_1 Pin=U1-10
Added Pin To Net: NetName=NetP1_4 Pin=U1-14
Added Pin To Net: NetName=NetP1_5 Pin=U1-15
Added Pin To Net: NetName=GND Pin=U1-16
Added Pin To Net: NetName=NetC2_1 Pin=U1-17
Added Pin To Net: NetName=NetP4_2 Pin=U1-22
Added Pin To Net: NetName=GND Pin=U1-24
Added Pin To Net: NetName=NetC2_1 Pin=U1-25
Added Pin To Net: NetName=NetP1_1 Pin=U1-26
Added Pin To Net: NetName=NetD1_1 Pin=U1-27
Added Pin To Net: NetName=GND Pin=U2-1
Added Pin To Net: NetName=NetC2_1 Pin=U2-2
Added Pin To Net: NetName=NetC1_1 Pin=U2-3
Added Member To Class: ClassName=Carte Emulateur AX12 Member=Component C1 Cap Pol1
Added Member To Class: ClassName=Carte Emulateur AX12 Member=Component C2 Cap Pol1
Added Member To Class: ClassName=Carte Emulateur AX12 Member=Component C3 Cap
Added Member To Class: ClassName=Carte Emulateur AX12 Member=Component C4 Cap Pol1
Added Member To Class: ClassName=Carte Emulateur AX12 Member=Component D1 LED1
Added Member To Class: ClassName=Carte Emulateur AX12 Member=Component J1 Alim AX12
Added Member To Class: ClassName=Carte Emulateur AX12 Member=Component J2 Alim AX12
Added Member To Class: ClassName=Carte Emulateur AX12 Member=Component J3 Alim AX12
Added Member To Class: ClassName=Carte Emulateur AX12 Member=Component K1 CLOCK
Added Member To Class: ClassName=Carte Emulateur AX12 Member=Component P1 Programmation
Added Member To Class: ClassName=Carte Emulateur AX12 Member=Component P2 IN Regulateur
Added Member To Class: ClassName=Carte Emulateur AX12 Member=Component P3 OUT Regulateur
Added Member To Class: ClassName=Carte Emulateur AX12 Member=Component P4 PWM 1
Added Member To Class: ClassName=Carte Emulateur AX12 Member=Component R1 Res1
Added Member To Class: ClassName=Carte Emulateur AX12 Member=Component U1 DSPIC30F2010-30I/MM
Added Member To Class: ClassName=Carte Emulateur AX12 Member=Component U2 LM1117MP-3.3
Added Room: Name=Carte Emulateur AX12
