Removed Pin From Net: NetName=GND Pin=U1-5
Removed Pin From Net: NetName=NetK1_3 Pin=U1-6
Removed Pin From Net: NetName=NetJ1_2 Pin=U1-8
Removed Pin From Net: NetName=NetC2_1 Pin=U1-10
Removed Pin From Net: NetName=NetP1_4 Pin=U1-14
Removed Pin From Net: NetName=NetP1_5 Pin=U1-15
Removed Pin From Net: NetName=GND Pin=U1-16
Removed Pin From Net: NetName=NetC2_1 Pin=U1-17
Removed Pin From Net: NetName=NetP4_2 Pin=U1-22
Removed Pin From Net: NetName=GND Pin=U1-24
Removed Pin From Net: NetName=NetC2_1 Pin=U1-25
Removed Pin From Net: NetName=NetP1_1 Pin=U1-26
Removed Pin From Net: NetName=NetD1_1 Pin=U1-27
Removed Member From Class: ClassName=Carte Emulateur AX12 Member=U1
Added Component: Designator=U?(SOIC-SO28_N)
Added Pin To Net: NetName=NetP1_1 Pin=U?-1
Added Pin To Net: NetName=NetD1_1 Pin=U?-2
Added Pin To Net: NetName=GND Pin=U?-8
Added Pin To Net: NetName=NetK1_3 Pin=U?-9
Added Pin To Net: NetName=NetJ1_2 Pin=U?-11
Added Pin To Net: NetName=NetC2_1 Pin=U?-13
Added Pin To Net: NetName=NetP1_4 Pin=U?-17
Added Pin To Net: NetName=NetP1_5 Pin=U?-18
Added Pin To Net: NetName=GND Pin=U?-19
Added Pin To Net: NetName=NetC2_1 Pin=U?-20
Added Pin To Net: NetName=NetP4_2 Pin=U?-25
Added Pin To Net: NetName=GND Pin=U?-27
Added Pin To Net: NetName=NetC2_1 Pin=U?-28
Added Member To Class: ClassName=Carte Emulateur AX12 Member=Component U? DSPIC30F2010-30I/SO
