Removed Pin From Net: NetName=NetJ1_3 Pin=U1-11
Added Component: Designator=*(TSSOP-ST8_N)
Added Pin To Net: NetName=GND Pin=*-4
Added Pin To Net: NetName=NetJ1_3 Pin=*-5
Added Pin To Net: NetName=NetJ1_3 Pin=*-6
Added Pin To Net: NetName=NetC2_1 Pin=*-8
Change Net Name : Old Net Name=NetC2_1 New Net Name=VCC
Change Net Name : Old Net Name=NetJ1_3 New Net Name=Net*_5
Added Pin To Net: NetName=Net*_1 Pin=*-1
Added Pin To Net: NetName=Net*_1 Pin=*-7
Added Pin To Net: NetName=Net*_1 Pin=U1-3
Added Net: Name=Net*_1
Added Pin To Net: NetName=Net*_2 Pin=*-2
Added Pin To Net: NetName=Net*_2 Pin=U1-11
Added Net: Name=Net*_2
Added Pin To Net: NetName=Net*_3 Pin=*-3
Added Pin To Net: NetName=Net*_3 Pin=U1-12
Added Net: Name=Net*_3
Added Member To Class: ClassName=Carte Emulateur AX12 Member=Component * 74LVC2G241
Added Member To Class: ClassName=Carte Emulateur AX12 Member=Component C3 Cap
Added Room: Name=Carte Emulateur AX12
