Removed Member From Class: ClassName=Carte Emulateur AX12 Member=*1
Removed Member From Class: ClassName=Carte Emulateur AX12 Member=*2
Added Component: Designator=J4(74AHC1G126DVBR)
Added Component: Designator=J5(74AHC1G126DVBR)
Added Pin To Net: NetName=Net*1_A Pin=J4-2
Added Pin To Net: NetName=GND Pin=J4-3
Added Pin To Net: NetName=Net*1_Vcc Pin=J4-5
Added Pin To Net: NetName=GND Pin=J5-3
Added Pin To Net: NetName=Net*1_A Pin=J5-4
Added Pin To Net: NetName=Net*1_Vcc Pin=J5-5
Change Net Name : Old Net Name=Net*1_A New Net Name=NetJ1_3
Change Net Name : Old Net Name=Net*1_Vcc New Net Name=NetC2_1
Added Pin To Net: NetName=NetJ4_1 Pin=J4-1
Added Pin To Net: NetName=NetJ4_1 Pin=U1-14
Added Net: Name=NetJ4_1
Added Pin To Net: NetName=NetJ4_4 Pin=J4-4
Added Pin To Net: NetName=NetJ4_4 Pin=U1-12
Added Net: Name=NetJ4_4
Added Pin To Net: NetName=NetJ5_1 Pin=J5-1
Added Pin To Net: NetName=NetJ5_1 Pin=U1-15
Added Net: Name=NetJ5_1
Added Pin To Net: NetName=NetJ5_2 Pin=J5-2
Added Pin To Net: NetName=NetJ5_2 Pin=U1-11
Added Net: Name=NetJ5_2
Added Member To Class: ClassName=Carte Emulateur AX12 Member=Component J4 74AHC1G126D
Added Member To Class: ClassName=Carte Emulateur AX12 Member=Component J5 74AHC1G126D
Added Room: Name=Carte Emulateur AX12
