Added Component: Designator=P1(HDR1X6H)
Added Component: Designator=P2(HDR1X2)
Added Component: Designator=P3(HDR1X2)
Added Component: Designator=P4(HDR1X3)
Added Component: Designator=U1(SOIC-SO28_M)
Added Component: Designator=U2(MP04A_N)
Added Pin To Net: NetName=NetP1_1 Pin=P1-1
Added Pin To Net: NetName=Net*1_Vcc Pin=P1-2
Added Pin To Net: NetName=GND Pin=P1-3
Added Pin To Net: NetName=NetP1_4 Pin=P1-4
Added Pin To Net: NetName=NetP1_5 Pin=P1-5
Added Pin To Net: NetName=NetC1_1 Pin=P2-1
Added Pin To Net: NetName=GND Pin=P2-2
Added Pin To Net: NetName=NetC4_1 Pin=P3-1
Added Pin To Net: NetName=GND Pin=P3-2
Added Pin To Net: NetName=NetC4_1 Pin=P4-1
Added Pin To Net: NetName=GND Pin=P4-2
Added Pin To Net: NetName=NetP4_3 Pin=P4-3
Added Pin To Net: NetName=NetP1_1 Pin=U1-1
Added Pin To Net: NetName=NetD1_1 Pin=U1-2
Added Pin To Net: NetName=GND Pin=U1-8
Added Pin To Net: NetName=NetK1_3 Pin=U1-9
Added Pin To Net: NetName=Net*2_A Pin=U1-11
Added Pin To Net: NetName=Net*1_Y Pin=U1-12
Added Pin To Net: NetName=Net*1_Vcc Pin=U1-13
Added Pin To Net: NetName=Net*1_/OE Pin=U1-14
Added Pin To Net: NetName=Net*2_/OE Pin=U1-15
Added Pin To Net: NetName=NetP1_4 Pin=U1-17
Added Pin To Net: NetName=NetP1_5 Pin=U1-18
Added Pin To Net: NetName=GND Pin=U1-19
Added Pin To Net: NetName=Net*1_Vcc Pin=U1-20
Added Pin To Net: NetName=NetP4_3 Pin=U1-25
Added Pin To Net: NetName=GND Pin=U1-27
Added Pin To Net: NetName=Net*1_Vcc Pin=U1-28
Added Pin To Net: NetName=GND Pin=U2-1
Added Pin To Net: NetName=Net*1_Vcc Pin=U2-2
Added Pin To Net: NetName=NetC1_1 Pin=U2-3
Added Member To Class: ClassName=Carte Emulateur AX12 Member=Component P1 Programmation
Added Member To Class: ClassName=Carte Emulateur AX12 Member=Component P2 IN Regulateur
Added Member To Class: ClassName=Carte Emulateur AX12 Member=Component P3 OUT Regulateur
Added Member To Class: ClassName=Carte Emulateur AX12 Member=Component P4 PWM 1
Added Member To Class: ClassName=Carte Emulateur AX12 Member=Component U1 DSPIC30F2010-30I/SO
Added Member To Class: ClassName=Carte Emulateur AX12 Member=Component U2 LM1117MP-3.3
